<?xml version="1.0" encoding="UTF-8"?>
<!-- Generated by org.testng.reporters.JUnitXMLReporter -->
<testsuite hostname="LAPTOP-E4PBQDKQ" ignored="1" name="chrome" tests="8" failures="1" timestamp="20 Sep 2022 16:42:35 GMT" time="151.635" errors="0">
  <testcase name="test3" time="0.011" classname="com.Myecom.testcases.DemoTest"/>
  <testcase name="validateLogo" time="0.273" classname="com.Myecom.testcases.IndexPageTest"/>
  <testcase name="validateSearchElement" time="0.282" classname="com.Myecom.testcases.IndexPageTest"/>
  <testcase name="validateSerchBoxClick" time="3.455" classname="com.Myecom.testcases.IndexPageTest"/>
  <testcase name="validateTitle" time="0.012" classname="com.Myecom.testcases.IndexPageTest">
    <failure type="java.lang.AssertionError" message="expected [My Stre] but found [My Store]">
      <![CDATA[java.lang.AssertionError: expected [My Stre] but found [My Store]
at com.Myecom.testcases.IndexPageTest.validateTitle(IndexPageTest.java:104)
... Removed 31 stack frames]]>
    </failure>
  </testcase> <!-- validateTitle -->
  <testcase name="validateclickOnSignIn" time="4.574" classname="com.Myecom.testcases.IndexPageTest"/>
  <testcase name="test2" time="0.002" classname="com.Myecom.testcases.DemoTest"/>
  <testcase name="test1" time="0.003" classname="com.Myecom.testcases.DemoTest"/>
  <testcase name="@BeforeTest readProp" time="0.0" classname="com.Myecom.base.BaseClass">
    <ignored/>
  </testcase> <!-- @BeforeTest readProp -->
</testsuite> <!-- chrome -->
