<?xml version="1.0" encoding="UTF-8"?>
<!-- Generated by org.testng.reporters.JUnitXMLReporter -->
<testsuite hostname="LAPTOP-E4PBQDKQ" ignored="1" name="firefox" tests="8" failures="2" timestamp="20 Sep 2022 16:45:52 GMT" time="196.924" errors="0">
  <testcase name="test3" time="0.007" classname="com.Myecom.testcases.DemoTest"/>
  <testcase name="validateLogo" time="0.192" classname="com.Myecom.testcases.IndexPageTest"/>
  <testcase name="validateSearchElement" time="0.341" classname="com.Myecom.testcases.IndexPageTest"/>
  <testcase name="validateSerchBoxClick" time="2.998" classname="com.Myecom.testcases.IndexPageTest"/>
  <testcase name="validateTitle" time="0.009" classname="com.Myecom.testcases.IndexPageTest">
    <failure type="java.lang.AssertionError" message="expected [My Stre] but found [My Store]">
      <![CDATA[java.lang.AssertionError: expected [My Stre] but found [My Store]
at com.Myecom.testcases.IndexPageTest.validateTitle(IndexPageTest.java:104)
... Removed 31 stack frames]]>
    </failure>
  </testcase> <!-- validateTitle -->
  <testcase name="validateclickOnSignIn" time="5.487" classname="com.Myecom.testcases.IndexPageTest">
    <failure type="org.openqa.selenium.NoSuchElementException" message="Unable to locate element: //h1[@class=&amp;apos;page-heading&amp;apos;]
For documentation on this error, please visit: https://selenium.dev/exceptions/#no_such_element
Build info: version: &amp;apos;4.4.0&amp;apos;, revision: &amp;apos;e5c75ed026a&amp;apos;
System info: host: &amp;apos;LAPTOP-E4PBQDKQ&amp;apos;, ip: &amp;apos;192.168.203.61&amp;apos;, os.name: &amp;apos;Windows 10&amp;apos;, os.arch: &amp;apos;amd64&amp;apos;, os.version: &amp;apos;10.0&amp;apos;, java.version: &amp;apos;1.8.0_311&amp;apos;
Driver info: org.openqa.selenium.firefox.FirefoxDriver
Command: [08dd49ee-c9ac-42ed-8ce9-b577523a4f34, findElement {using=xpath, value=//h1[@class=&amp;apos;page-heading&amp;apos;]}]
Capabilities {acceptInsecureCerts: true, browserName: firefox, browserVersion: 104.0.2, moz:accessibilityChecks: false, moz:buildID: 20220902153754, moz:debuggerAddress: localhost:49774, moz:geckodriverVersion: 0.31.0, moz:headless: false, moz:platformVersion: 10.0, moz:processID: 18948, moz:profile: C:\Users\Admin\AppData\Loca..., moz:shutdownTimeout: 60000, moz:useNonSpecCompliantPointerOrigin: false, moz:webdriverClick: true, moz:windowless: false, pageLoadStrategy: normal, platformName: WINDOWS, proxy: Proxy(), se:cdp: ws://localhost:49774/devtoo..., se:cdpVersion: 85.0, setWindowRect: true, strictFileInteractability: false, timeouts: {implicit: 0, pageLoad: 300000, script: 30000}, unhandledPromptBehavior: dismiss and notify}
Session ID: 08dd49ee-c9ac-42ed-8ce9-b577523a4f34">
      <![CDATA[org.openqa.selenium.NoSuchElementException: Unable to locate element: //h1[@class='page-heading']
For documentation on this error, please visit: https://selenium.dev/exceptions/#no_such_element
Build info: version: '4.4.0', revision: 'e5c75ed026a'
System info: host: 'LAPTOP-E4PBQDKQ', ip: '192.168.203.61', os.name: 'Windows 10', os.arch: 'amd64', os.version: '10.0', java.version: '1.8.0_311'
Driver info: org.openqa.selenium.firefox.FirefoxDriver
Command: [08dd49ee-c9ac-42ed-8ce9-b577523a4f34, findElement {using=xpath, value=//h1[@class='page-heading']}]
Capabilities {acceptInsecureCerts: true, browserName: firefox, browserVersion: 104.0.2, moz:accessibilityChecks: false, moz:buildID: 20220902153754, moz:debuggerAddress: localhost:49774, moz:geckodriverVersion: 0.31.0, moz:headless: false, moz:platformVersion: 10.0, moz:processID: 18948, moz:profile: C:\Users\Admin\AppData\Loca..., moz:shutdownTimeout: 60000, moz:useNonSpecCompliantPointerOrigin: false, moz:webdriverClick: true, moz:windowless: false, pageLoadStrategy: normal, platformName: WINDOWS, proxy: Proxy(), se:cdp: ws://localhost:49774/devtoo..., se:cdpVersion: 85.0, setWindowRect: true, strictFileInteractability: false, timeouts: {implicit: 0, pageLoad: 300000, script: 30000}, unhandledPromptBehavior: dismiss and notify}
Session ID: 08dd49ee-c9ac-42ed-8ce9-b577523a4f34
at org.openqa.selenium.remote.codec.w3c.W3CHttpResponseCodec.createException(W3CHttpResponseCodec.java:200)
at org.openqa.selenium.remote.codec.w3c.W3CHttpResponseCodec.decode(W3CHttpResponseCodec.java:133)
at org.openqa.selenium.remote.codec.w3c.W3CHttpResponseCodec.decode(W3CHttpResponseCodec.java:53)
at org.openqa.selenium.remote.HttpCommandExecutor.execute(HttpCommandExecutor.java:184)
at org.openqa.selenium.remote.service.DriverCommandExecutor.invokeExecute(DriverCommandExecutor.java:167)
at org.openqa.selenium.remote.service.DriverCommandExecutor.execute(DriverCommandExecutor.java:142)
at org.openqa.selenium.remote.RemoteWebDriver.execute(RemoteWebDriver.java:547)
at org.openqa.selenium.remote.ElementLocation$ElementFinder$2.findElement(ElementLocation.java:162)
at org.openqa.selenium.remote.ElementLocation.findElement(ElementLocation.java:60)
at org.openqa.selenium.remote.RemoteWebDriver.findElement(RemoteWebDriver.java:365)
at org.openqa.selenium.remote.RemoteWebDriver.findElement(RemoteWebDriver.java:357)
at org.openqa.selenium.support.pagefactory.DefaultElementLocator.findElement(DefaultElementLocator.java:70)
at org.openqa.selenium.support.pagefactory.internal.LocatingElementHandler.invoke(LocatingElementHandler.java:39)
at com.sun.proxy.$Proxy18.getText(Unknown Source)
at com.Myecom.pom.SignInPagePOM.PageHeading(SignInPagePOM.java:46)
at com.Myecom.testcases.IndexPageTest.validateclickOnSignIn(IndexPageTest.java:121)
... Removed 29 stack frames]]>
    </failure>
  </testcase> <!-- validateclickOnSignIn -->
  <testcase name="test2" time="0.002" classname="com.Myecom.testcases.DemoTest"/>
  <testcase name="test1" time="0.004" classname="com.Myecom.testcases.DemoTest"/>
  <testcase name="@BeforeTest readProp" time="0.0" classname="com.Myecom.base.BaseClass">
    <ignored/>
  </testcase> <!-- @BeforeTest readProp -->
</testsuite> <!-- firefox -->
